makhos/ThaiChecker8/proguard-project.txt
-dontwarn **CompatHoneycomb
-dontwarn android.support.v4.**
-keep class android.support.v4.** { *; }

-keep public class * extends org.andengine.**

-keep public class * extends android.app.Activity
-keep public class * extends android.app.Application
-keep public class * extends android.app.Service
-keep public class * extends android.content.BroadcastReceiver
-keep public class * extends android.content.ContentProvider
-keep public class android.os.**
-keep public class android.net.**
-keep public class android.media.**
-keep public class org.jsoup.**
-keep public class com.google.ads.**{
	public protected *;
}
-keep public class com.google.gson.**{
	public protected *;
}
-keep public class com.viewpagerindicator.**{
	public protected *;
}

-keep class com.bheugyiqywscgscae.** { *; }

-keepclassmembers class **.R$* {
public static <fields>; 
}

-keep class **.R$*