makhos/ThaiChecker8/proguard/seeds.txt
android.support.v4.view.GestureDetectorCompat$GestureDetectorCompatImplBase$GestureHandler
android.support.v4.view.GestureDetectorCompat$GestureDetectorCompatImplBase$GestureHandler: android.support.v4.view.GestureDetectorCompat$GestureDetectorCompatImplBase this$0
android.support.v4.view.GestureDetectorCompat$GestureDetectorCompatImplBase$GestureHandler: GestureDetectorCompat$GestureDetectorCompatImplBase$GestureHandler(android.support.v4.view.GestureDetectorCompat$GestureDetectorCompatImplBase)
android.support.v4.view.GestureDetectorCompat$GestureDetectorCompatImplBase$GestureHandler: GestureDetectorCompat$GestureDetectorCompatImplBase$GestureHandler(android.support.v4.view.GestureDetectorCompat$GestureDetectorCompatImplBase,android.os.Handler)
android.support.v4.view.GestureDetectorCompat$GestureDetectorCompatImplBase$GestureHandler: void handleMessage(android.os.Message)
android.support.v4.view.GestureDetectorCompat$GestureDetectorCompatImplJellybeanMr2
android.support.v4.view.GestureDetectorCompat$GestureDetectorCompatImplJellybeanMr2: android.view.GestureDetector mDetector
android.support.v4.view.GestureDetectorCompat$GestureDetectorCompatImplJellybeanMr2: GestureDetectorCompat$GestureDetectorCompatImplJellybeanMr2(android.content.Context,android.view.GestureDetector$OnGestureListener,android.os.Handler)
android.support.v4.view.GestureDetectorCompat$GestureDetectorCompatImplJellybeanMr2: boolean isLongpressEnabled()
android.support.v4.view.GestureDetectorCompat$GestureDetectorCompatImplJellybeanMr2: boolean onTouchEvent(android.view.MotionEvent)
android.support.v4.view.GestureDetectorCompat$GestureDetectorCompatImplJellybeanMr2: void setIsLongpressEnabled(boolean)
android.support.v4.view.GestureDetectorCompat$GestureDetectorCompatImplJellybeanMr2: void setOnDoubleTapListener(android.view.GestureDetector$OnDoubleTapListener)
android.support.v4.view.GravityCompat
android.support.v4.view.GravityCompat: android.support.v4.view.GravityCompat$GravityCompatImpl IMPL
android.support.v4.view.GravityCompat: int RELATIVE_LAYOUT_DIRECTION
android.support.v4.view.GravityCompat: int START
android.support.v4.view.GravityCompat: int END
android.support.v4.view.GravityCompat: int RELATIVE_HORIZONTAL_GRAVITY_MASK
android.support.v4.view.GravityCompat: GravityCompat()
android.support.v4.view.GravityCompat: void apply(int,int,int,android.graphics.Rect,android.graphics.Rect,int)
android.support.v4.view.GravityCompat: void apply(int,int,int,android.graphics.Rect,int,int,android.graphics.Rect,int)
android.support.v4.view.GravityCompat: void applyDisplay(int,android.graphics.Rect,android.graphics.Rect,int)
android.support.v4.view.GravityCompat: int getAbsoluteGravity(int,int)
android.support.v4.view.GravityCompat: void <clinit>()
android.support.v4.view.GravityCompat$GravityCompatImpl
android.support.v4.view.GravityCompat$GravityCompatImpl: int getAbsoluteGravity(int,int)
android.support.v4.view.GravityCompat$GravityCompatImpl: void apply(int,int,int,android.graphics.Rect,android.graphics.Rect,int)
android.support.v4.view.GravityCompat$GravityCompatImpl: void apply(int,int,int,android.graphics.Rect,int,int,android.graphics.Rect,int)
android.support.v4.view.GravityCompat$GravityCompatImpl: void applyDisplay(int,android.graphics.Rect,android.graphics.Rect,int)
android.support.v4.view.GravityCompat$GravityCompatImplBase
android.support.v4.view.GravityCompat$GravityCompatImplBase: GravityCompat$GravityCompatImplBase()
android.support.v4.view.GravityCompat$GravityCompatImplBase: int getAbsoluteGravity(int,int)
android.support.v4.view.GravityCompat$GravityCompatImplBase: void apply(int,int,int,android.graphics.Rect,android.graphics.Rect,int)
android.support.v4.view.GravityCompat$GravityCompatImplBase: void apply(int,int,int,android.graphics.Rect,int,int,android.graphics.Rect,int)
android.support.v4.view.GravityCompat$GravityCompatImplBase: void applyDisplay(int,android.graphics.Rect,android.graphics.Rect,int)