makhos/ThaiChecker8/proguard/mapping.txt
org.andengine.util.modifier.ease.EaseBackInOut -> org.andengine.util.modifier.ease.EaseBackInOut:
    float getPercentage(float,float) -> a
org.andengine.util.modifier.ease.EaseBackOut -> org.andengine.util.modifier.ease.EaseBackOut:
    float getPercentage(float,float) -> a
    float getValue(float) -> a
org.andengine.util.modifier.ease.EaseBounceIn -> org.andengine.util.modifier.ease.EaseBounceIn:
    float getPercentage(float,float) -> a
    float getValue(float) -> a
org.andengine.util.modifier.ease.EaseBounceInOut -> org.andengine.util.modifier.ease.EaseBounceInOut:
    float getPercentage(float,float) -> a
org.andengine.util.modifier.ease.EaseBounceOut -> org.andengine.util.modifier.ease.EaseBounceOut:
    float getPercentage(float,float) -> a
    float getValue(float) -> a
org.andengine.util.modifier.ease.EaseCircularIn -> org.andengine.util.modifier.ease.EaseCircularIn:
    float getPercentage(float,float) -> a
    float getValue(float) -> a
org.andengine.util.modifier.ease.EaseCircularInOut -> org.andengine.util.modifier.ease.EaseCircularInOut:
    float getPercentage(float,float) -> a
org.andengine.util.modifier.ease.EaseCircularOut -> org.andengine.util.modifier.ease.EaseCircularOut:
    float getPercentage(float,float) -> a
    float getValue(float) -> a
org.andengine.util.modifier.ease.EaseCubicIn -> org.andengine.util.modifier.ease.EaseCubicIn:
    float getPercentage(float,float) -> a
    float getValue(float) -> a
org.andengine.util.modifier.ease.EaseCubicInOut -> org.andengine.util.modifier.ease.EaseCubicInOut:
    float getPercentage(float,float) -> a
org.andengine.util.modifier.ease.EaseCubicOut -> org.andengine.util.modifier.ease.EaseCubicOut:
    float getPercentage(float,float) -> a
    float getValue(float) -> a
org.andengine.util.modifier.ease.EaseElasticIn -> org.andengine.util.modifier.ease.EaseElasticIn:
    float getPercentage(float,float) -> a
    float getValue(float,float,float) -> a
org.andengine.util.modifier.ease.EaseElasticInOut -> org.andengine.util.modifier.ease.EaseElasticInOut:
    float getPercentage(float,float) -> a
org.andengine.util.modifier.ease.EaseElasticOut -> org.andengine.util.modifier.ease.EaseElasticOut:
    float getPercentage(float,float) -> a
    float getValue(float,float,float) -> a
org.andengine.util.modifier.ease.EaseExponentialIn -> org.andengine.util.modifier.ease.EaseExponentialIn:
    float getPercentage(float,float) -> a
    float getValue(float) -> a
org.andengine.util.modifier.ease.EaseExponentialInOut -> org.andengine.util.modifier.ease.EaseExponentialInOut:
    float getPercentage(float,float) -> a
org.andengine.util.modifier.ease.EaseExponentialOut -> org.andengine.util.modifier.ease.EaseExponentialOut:
    float getPercentage(float,float) -> a
    float getValue(float) -> a
org.andengine.util.modifier.ease.EaseLinear -> org.andengine.util.modifier.ease.EaseLinear:
    org.andengine.util.modifier.ease.EaseLinear INSTANCE -> a
    org.andengine.util.modifier.ease.EaseLinear getInstance() -> a
    float getPercentage(float,float) -> a
org.andengine.util.modifier.ease.EaseQuadIn -> org.andengine.util.modifier.ease.EaseQuadIn:
    float getPercentage(float,float) -> a
    float getValue(float) -> a
org.andengine.util.modifier.ease.EaseQuadInOut -> org.andengine.util.modifier.ease.EaseQuadInOut:
    float getPercentage(float,float) -> a
org.andengine.util.modifier.ease.EaseQuadOut -> org.andengine.util.modifier.ease.EaseQuadOut:
    float getPercentage(float,float) -> a
    float getValue(float) -> a
org.andengine.util.modifier.ease.EaseQuartIn -> org.andengine.util.modifier.ease.EaseQuartIn:
    float getPercentage(float,float) -> a
    float getValue(float) -> a
org.andengine.util.modifier.ease.EaseQuartInOut -> org.andengine.util.modifier.ease.EaseQuartInOut:
    float getPercentage(float,float) -> a