makhos/ThaiChecker8/proguard/usage.txt
org.andengine.audio.music.exception.MusicException:
    private static final long serialVersionUID
    31:32:public MusicException(java.lang.String)
    35:36:public MusicException(java.lang.Throwable)
    39:40:public MusicException(java.lang.String,java.lang.Throwable)
org.andengine.audio.music.exception.MusicReleasedException:
    private static final long serialVersionUID
org.andengine.audio.sound.Sound:
    private int mLoopCount
    private float mRate
    37:40:Sound(org.andengine.audio.sound.SoundManager,int)
    51:51:public int getStreamID()
    55:55:public boolean isLoaded()
    63:69:public void setLoopCount(int)
    72:72:public float getRate()
    76:82:public void setRate(float)
    104:111:public void play()
    124:129:public void resume()
    133:138:public void pause()
    155:158:public void setLooping(boolean)
    162:171:public void setVolume(float,float)
    175:176:public void onMasterVolumeChanged(float)
org.andengine.audio.sound.SoundFactory:
    17:17:public SoundFactory()
    48:48:public static java.lang.String getAssetBasePath()
    64:64:public static org.andengine.audio.sound.Sound createSoundFromPath(org.andengine.audio.sound.SoundManager,java.lang.String)
    73:73:public static org.andengine.audio.sound.Sound createSoundFromAsset(org.andengine.audio.sound.SoundManager,android.content.Context,java.lang.String)
    82:82:public static org.andengine.audio.sound.Sound createSoundFromResource(org.andengine.audio.sound.SoundManager,android.content.Context,int)
    91:91:public static org.andengine.audio.sound.Sound createSoundFromFile(org.andengine.audio.sound.SoundManager,java.io.File)
    95:95:public static org.andengine.audio.sound.Sound createSoundFromAssetFileDescriptor(org.andengine.audio.sound.SoundManager,android.content.res.AssetFileDescriptor)
    104:104:public static org.andengine.audio.sound.Sound createSoundFromFileDescriptor(org.andengine.audio.sound.SoundManager,java.io.FileDescriptor,long,long)
org.andengine.audio.sound.SoundManager:
    private static final int SOUND_STATUS_OK
    public static final int MAX_SIMULTANEOUS_STREAMS_DEFAULT
    61:64:public void add(org.andengine.audio.sound.Sound)
    1:1:public bridge synthetic void add(org.andengine.audio.IAudioEntity)
org.andengine.audio.sound.exception.SoundException:
    private static final long serialVersionUID
    35:36:public SoundException(java.lang.Throwable)
    39:40:public SoundException(java.lang.String,java.lang.Throwable)
org.andengine.audio.sound.exception.SoundReleasedException:
    private static final long serialVersionUID